To: info@mannerd.com
Subject: [mannerd] Please moderate: "Thirtieth Post"
X-PHP-Originating-Script: 1000:class-phpmailer.php
Date: Thu, 20 Nov 2014 18:57:02 +0000
Return-Path: <wordpress@mannerd.local>
From: WordPress <wordpress@mannerd.local>
Message-ID: <bfc2b4eacbbcf76f4bc5565a7345e7b9@mannerd.local>
X-Priority: 3
X-Mailer: PHPMailer 5.2.7 (https://github.com/PHPMailer/PHPMailer/)
MIME-Version: 1.0
Content-Type: text/plain; charset=UTF-8
Content-Transfer-Encoding: 8bit

A new comment on the post "Thirtieth Post" is waiting for your approval
http://mannerd.local/2014/11/05/thirtieth-post/

Author : Mike (IP: 127.0.0.1 , localhost)
E-mail : michael@thefisherhome.net
URL    : 
Whois  : http://whois.arin.net/rest/ip/127.0.0.1
Comment: 
This is a reply

Approve it: http://mannerd.local/wp-admin/comment.php?action=approve&c=5
Trash it: http://mannerd.local/wp-admin/comment.php?action=trash&c=5
Spam it: http://mannerd.local/wp-admin/comment.php?action=spam&c=5
Currently 2 comments are waiting for approval. Please visit the moderation panel:
http://mannerd.local/wp-admin/edit-comments.php?comment_status=moderated

